2018-03-19 09:38:03,836 [main] INFO  b.c.c.s.d.s.application.Application - Starting Application on Desk with PID 6624 (/home/ruppel/Projects/ruppel/spring-jpa-jersey/target/classes started by ruppel in /home/ruppel/Projects/ruppel/spring-jpa-jersey)
2018-03-19 09:38:03,839 [main] INFO  b.c.c.s.d.s.application.Application - No active profile set, falling back to default profiles: default
2018-03-19 09:38:05,712 [localhost-startStop-1] ERROR o.g.j.s.s.SpringComponentProvider - None or multiple beans found in Spring context for type class br.com.cinq.spring.data.resource.CityResource, skipping the type.
2018-03-19 09:38:05,717 [localhost-startStop-1] ERROR o.g.j.s.s.SpringComponentProvider - None or multiple beans found in Spring context for type class br.com.cinq.spring.data.resource.CountryResource, skipping the type.
2018-03-19 09:38:07,755 [main] INFO  b.c.c.s.d.s.application.Application - Started Application in 4.201 seconds (JVM running for 6.594)
2018-03-19 09:50:06,405 [main] INFO  b.c.c.s.d.s.application.Application - Starting Application on Desk with PID 28089 (/home/ruppel/Projects/ruppel/spring-jpa-jersey/target/classes started by ruppel in /home/ruppel/Projects/ruppel/spring-jpa-jersey)
2018-03-19 09:50:06,407 [main] INFO  b.c.c.s.d.s.application.Application - No active profile set, falling back to default profiles: default
2018-03-19 09:50:08,284 [localhost-startStop-1] ERROR o.g.j.s.s.SpringComponentProvider - None or multiple beans found in Spring context for type class br.com.cinq.spring.data.resource.CountryResource, skipping the type.
2018-03-19 09:50:08,285 [localhost-startStop-1] ERROR o.g.j.s.s.SpringComponentProvider - None or multiple beans found in Spring context for type class br.com.cinq.spring.data.resource.CityResource, skipping the type.
2018-03-19 09:50:10,392 [main] INFO  b.c.c.s.d.s.application.Application - Started Application in 4.23 seconds (JVM running for 6.626)
2018-03-19 18:31:28,840 [main] INFO  b.c.c.s.d.s.application.Application - Starting Application on Desk with PID 3654 (/home/ruppel/Projects/ruppel/spring-jpa-jersey/target/classes started by ruppel in /home/ruppel/Projects/ruppel/spring-jpa-jersey)
2018-03-19 18:31:28,843 [main] INFO  b.c.c.s.d.s.application.Application - No active profile set, falling back to default profiles: default
2018-03-19 18:31:30,781 [localhost-startStop-1] ERROR o.g.j.s.s.SpringComponentProvider - None or multiple beans found in Spring context for type class br.com.cinq.spring.data.resource.CountryResource, skipping the type.
2018-03-19 18:31:30,785 [localhost-startStop-1] ERROR o.g.j.s.s.SpringComponentProvider - None or multiple beans found in Spring context for type class br.com.cinq.spring.data.resource.CityResource, skipping the type.
2018-03-19 18:31:33,020 [main] INFO  b.c.c.s.d.s.application.Application - Started Application in 4.626 seconds (JVM running for 7.548)
2018-03-19 18:40:34,128 [main] WARN  n.s.c.i.CoberturaInstrumenter - Unable to instrument file /home/ruppel/Projects/ruppel/spring-jpa-jersey/target/generated-classes/cobertura/br/com/cinq/spring/data/sample/repository/CountryRepository.class
java.lang.RuntimeException: null
	at org.objectweb.asm.MethodVisitor.visitParameter(Unknown Source) ~[asm-5.0.1.jar:5.0.1]
	at org.objectweb.asm.ClassReader.b(Unknown Source) ~[asm-5.0.1.jar:5.0.1]
	at org.objectweb.asm.ClassReader.accept(Unknown Source) ~[asm-5.0.1.jar:5.0.1]
	at org.objectweb.asm.ClassReader.accept(Unknown Source) ~[asm-5.0.1.jar:5.0.1]
	at net.sourceforge.cobertura.instrument.CoberturaInstrumenter.instrumentClass(CoberturaInstrumenter.java:161) [cobertura-2.1.1.jar:2.1.1]
	at net.sourceforge.cobertura.instrument.CoberturaInstrumenter.instrumentClass(CoberturaInstrumenter.java:129) [cobertura-2.1.1.jar:2.1.1]
	at net.sourceforge.cobertura.instrument.CoberturaInstrumenter.addInstrumentationToSingleClass(CoberturaInstrumenter.java:243) [cobertura-2.1.1.jar:2.1.1]
	at net.sourceforge.cobertura.instrument.CodeInstrumentationTask.addInstrumentationToSingleClass(CodeInstrumentationTask.java:299) [cobertura-2.1.1.jar:2.1.1]
	at net.sourceforge.cobertura.instrument.CodeInstrumentationTask.addInstrumentation(CodeInstrumentationTask.java:308) [cobertura-2.1.1.jar:2.1.1]
	at net.sourceforge.cobertura.instrument.CodeInstrumentationTask.instrument(CodeInstrumentationTask.java:90) [cobertura-2.1.1.jar:2.1.1]
	at net.sourceforge.cobertura.dsl.Cobertura.instrumentCode(Cobertura.java:74) [cobertura-2.1.1.jar:2.1.1]
	at net.sourceforge.cobertura.instrument.InstrumentMain.instrument(InstrumentMain.java:82) [cobertura-2.1.1.jar:2.1.1]
	at net.sourceforge.cobertura.instrument.InstrumentMain.main(InstrumentMain.java:99) [cobertura-2.1.1.jar:2.1.1]
2018-03-19 18:40:34,132 [main] WARN  n.s.c.i.CoberturaInstrumenter - Unable to instrument file /home/ruppel/Projects/ruppel/spring-jpa-jersey/target/generated-classes/cobertura/br/com/cinq/spring/data/sample/repository/CityRepository.class
java.lang.RuntimeException: null
	at org.objectweb.asm.MethodVisitor.visitParameter(Unknown Source) ~[asm-5.0.1.jar:5.0.1]
	at org.objectweb.asm.ClassReader.b(Unknown Source) ~[asm-5.0.1.jar:5.0.1]
	at org.objectweb.asm.ClassReader.accept(Unknown Source) ~[asm-5.0.1.jar:5.0.1]
	at org.objectweb.asm.ClassReader.accept(Unknown Source) ~[asm-5.0.1.jar:5.0.1]
	at net.sourceforge.cobertura.instrument.CoberturaInstrumenter.instrumentClass(CoberturaInstrumenter.java:161) [cobertura-2.1.1.jar:2.1.1]
	at net.sourceforge.cobertura.instrument.CoberturaInstrumenter.instrumentClass(CoberturaInstrumenter.java:129) [cobertura-2.1.1.jar:2.1.1]
	at net.sourceforge.cobertura.instrument.CoberturaInstrumenter.addInstrumentationToSingleClass(CoberturaInstrumenter.java:243) [cobertura-2.1.1.jar:2.1.1]
	at net.sourceforge.cobertura.instrument.CodeInstrumentationTask.addInstrumentationToSingleClass(CodeInstrumentationTask.java:299) [cobertura-2.1.1.jar:2.1.1]
	at net.sourceforge.cobertura.instrument.CodeInstrumentationTask.addInstrumentation(CodeInstrumentationTask.java:308) [cobertura-2.1.1.jar:2.1.1]
	at net.sourceforge.cobertura.instrument.CodeInstrumentationTask.instrument(CodeInstrumentationTask.java:90) [cobertura-2.1.1.jar:2.1.1]
	at net.sourceforge.cobertura.dsl.Cobertura.instrumentCode(Cobertura.java:74) [cobertura-2.1.1.jar:2.1.1]
	at net.sourceforge.cobertura.instrument.InstrumentMain.instrument(InstrumentMain.java:82) [cobertura-2.1.1.jar:2.1.1]
	at net.sourceforge.cobertura.instrument.InstrumentMain.main(InstrumentMain.java:99) [cobertura-2.1.1.jar:2.1.1]
2018-03-19 18:40:34,134 [main] WARN  n.s.c.i.CoberturaInstrumenter - Unable to instrument file /home/ruppel/Projects/ruppel/spring-jpa-jersey/target/generated-classes/cobertura/br/com/cinq/spring/data/resource/CityResource.class
java.lang.RuntimeException: null
	at org.objectweb.asm.MethodVisitor.visitParameter(Unknown Source) ~[asm-5.0.1.jar:5.0.1]
	at org.objectweb.asm.ClassReader.b(Unknown Source) ~[asm-5.0.1.jar:5.0.1]
	at org.objectweb.asm.ClassReader.accept(Unknown Source) ~[asm-5.0.1.jar:5.0.1]
	at org.objectweb.asm.ClassReader.accept(Unknown Source) ~[asm-5.0.1.jar:5.0.1]
	at net.sourceforge.cobertura.instrument.CoberturaInstrumenter.instrumentClass(CoberturaInstrumenter.java:161) [cobertura-2.1.1.jar:2.1.1]
	at net.sourceforge.cobertura.instrument.CoberturaInstrumenter.instrumentClass(CoberturaInstrumenter.java:129) [cobertura-2.1.1.jar:2.1.1]
	at net.sourceforge.cobertura.instrument.CoberturaInstrumenter.addInstrumentationToSingleClass(CoberturaInstrumenter.java:243) [cobertura-2.1.1.jar:2.1.1]
	at net.sourceforge.cobertura.instrument.CodeInstrumentationTask.addInstrumentationToSingleClass(CodeInstrumentationTask.java:299) [cobertura-2.1.1.jar:2.1.1]
	at net.sourceforge.cobertura.instrument.CodeInstrumentationTask.addInstrumentation(CodeInstrumentationTask.java:308) [cobertura-2.1.1.jar:2.1.1]
	at net.sourceforge.cobertura.instrument.CodeInstrumentationTask.instrument(CodeInstrumentationTask.java:90) [cobertura-2.1.1.jar:2.1.1]
	at net.sourceforge.cobertura.dsl.Cobertura.instrumentCode(Cobertura.java:74) [cobertura-2.1.1.jar:2.1.1]
	at net.sourceforge.cobertura.instrument.InstrumentMain.instrument(InstrumentMain.java:82) [cobertura-2.1.1.jar:2.1.1]
	at net.sourceforge.cobertura.instrument.InstrumentMain.main(InstrumentMain.java:99) [cobertura-2.1.1.jar:2.1.1]
2018-03-19 18:40:34,135 [main] WARN  n.s.c.i.CoberturaInstrumenter - Unable to instrument file /home/ruppel/Projects/ruppel/spring-jpa-jersey/target/generated-classes/cobertura/br/com/cinq/spring/data/sample/entity/City.class
java.lang.RuntimeException: null
	at org.objectweb.asm.MethodVisitor.visitParameter(Unknown Source) ~[asm-5.0.1.jar:5.0.1]
	at org.objectweb.asm.ClassReader.b(Unknown Source) ~[asm-5.0.1.jar:5.0.1]
	at org.objectweb.asm.ClassReader.accept(Unknown Source) ~[asm-5.0.1.jar:5.0.1]
	at org.objectweb.asm.ClassReader.accept(Unknown Source) ~[asm-5.0.1.jar:5.0.1]
	at net.sourceforge.cobertura.instrument.CoberturaInstrumenter.instrumentClass(CoberturaInstrumenter.java:161) [cobertura-2.1.1.jar:2.1.1]
	at net.sourceforge.cobertura.instrument.CoberturaInstrumenter.instrumentClass(CoberturaInstrumenter.java:129) [cobertura-2.1.1.jar:2.1.1]
	at net.sourceforge.cobertura.instrument.CoberturaInstrumenter.addInstrumentationToSingleClass(CoberturaInstrumenter.java:243) [cobertura-2.1.1.jar:2.1.1]
	at net.sourceforge.cobertura.instrument.CodeInstrumentationTask.addInstrumentationToSingleClass(CodeInstrumentationTask.java:299) [cobertura-2.1.1.jar:2.1.1]
	at net.sourceforge.cobertura.instrument.CodeInstrumentationTask.addInstrumentation(CodeInstrumentationTask.java:308) [cobertura-2.1.1.jar:2.1.1]
	at net.sourceforge.cobertura.instrument.CodeInstrumentationTask.instrument(CodeInstrumentationTask.java:90) [cobertura-2.1.1.jar:2.1.1]
	at net.sourceforge.cobertura.dsl.Cobertura.instrumentCode(Cobertura.java:74) [cobertura-2.1.1.jar:2.1.1]
	at net.sourceforge.cobertura.instrument.InstrumentMain.instrument(InstrumentMain.java:82) [cobertura-2.1.1.jar:2.1.1]
	at net.sourceforge.cobertura.instrument.InstrumentMain.main(InstrumentMain.java:99) [cobertura-2.1.1.jar:2.1.1]
2018-03-19 18:40:34,136 [main] WARN  n.s.c.i.CoberturaInstrumenter - Unable to instrument file /home/ruppel/Projects/ruppel/spring-jpa-jersey/target/generated-classes/cobertura/br/com/cinq/spring/data/resource/CountryResource.class
java.lang.RuntimeException: null
	at org.objectweb.asm.MethodVisitor.visitParameter(Unknown Source) ~[asm-5.0.1.jar:5.0.1]
	at org.objectweb.asm.ClassReader.b(Unknown Source) ~[asm-5.0.1.jar:5.0.1]
	at org.objectweb.asm.ClassReader.accept(Unknown Source) ~[asm-5.0.1.jar:5.0.1]
	at org.objectweb.asm.ClassReader.accept(Unknown Source) ~[asm-5.0.1.jar:5.0.1]
	at net.sourceforge.cobertura.instrument.CoberturaInstrumenter.instrumentClass(CoberturaInstrumenter.java:161) [cobertura-2.1.1.jar:2.1.1]
	at net.sourceforge.cobertura.instrument.CoberturaInstrumenter.instrumentClass(CoberturaInstrumenter.java:129) [cobertura-2.1.1.jar:2.1.1]
	at net.sourceforge.cobertura.instrument.CoberturaInstrumenter.addInstrumentationToSingleClass(CoberturaInstrumenter.java:243) [cobertura-2.1.1.jar:2.1.1]
	at net.sourceforge.cobertura.instrument.CodeInstrumentationTask.addInstrumentationToSingleClass(CodeInstrumentationTask.java:299) [cobertura-2.1.1.jar:2.1.1]
	at net.sourceforge.cobertura.instrument.CodeInstrumentationTask.addInstrumentation(CodeInstrumentationTask.java:308) [cobertura-2.1.1.jar:2.1.1]
	at net.sourceforge.cobertura.instrument.CodeInstrumentationTask.instrument(CodeInstrumentationTask.java:90) [cobertura-2.1.1.jar:2.1.1]
	at net.sourceforge.cobertura.dsl.Cobertura.instrumentCode(Cobertura.java:74) [cobertura-2.1.1.jar:2.1.1]
	at net.sourceforge.cobertura.instrument.InstrumentMain.instrument(InstrumentMain.java:82) [cobertura-2.1.1.jar:2.1.1]
	at net.sourceforge.cobertura.instrument.InstrumentMain.main(InstrumentMain.java:99) [cobertura-2.1.1.jar:2.1.1]
2018-03-19 18:40:34,157 [main] WARN  n.s.c.i.CoberturaInstrumenter - Unable to instrument file /home/ruppel/Projects/ruppel/spring-jpa-jersey/target/generated-classes/cobertura/br/com/cinq/spring/data/sample/application/Application.class
java.lang.RuntimeException: null
	at org.objectweb.asm.MethodVisitor.visitParameter(Unknown Source) ~[asm-5.0.1.jar:5.0.1]
	at org.objectweb.asm.ClassReader.b(Unknown Source) ~[asm-5.0.1.jar:5.0.1]
	at org.objectweb.asm.ClassReader.accept(Unknown Source) ~[asm-5.0.1.jar:5.0.1]
	at org.objectweb.asm.ClassReader.accept(Unknown Source) ~[asm-5.0.1.jar:5.0.1]
	at net.sourceforge.cobertura.instrument.CoberturaInstrumenter.instrumentClass(CoberturaInstrumenter.java:161) [cobertura-2.1.1.jar:2.1.1]
	at net.sourceforge.cobertura.instrument.CoberturaInstrumenter.instrumentClass(CoberturaInstrumenter.java:129) [cobertura-2.1.1.jar:2.1.1]
	at net.sourceforge.cobertura.instrument.CoberturaInstrumenter.addInstrumentationToSingleClass(CoberturaInstrumenter.java:243) [cobertura-2.1.1.jar:2.1.1]
	at net.sourceforge.cobertura.instrument.CodeInstrumentationTask.addInstrumentationToSingleClass(CodeInstrumentationTask.java:299) [cobertura-2.1.1.jar:2.1.1]
	at net.sourceforge.cobertura.instrument.CodeInstrumentationTask.addInstrumentation(CodeInstrumentationTask.java:308) [cobertura-2.1.1.jar:2.1.1]
	at net.sourceforge.cobertura.instrument.CodeInstrumentationTask.instrument(CodeInstrumentationTask.java:90) [cobertura-2.1.1.jar:2.1.1]
	at net.sourceforge.cobertura.dsl.Cobertura.instrumentCode(Cobertura.java:74) [cobertura-2.1.1.jar:2.1.1]
	at net.sourceforge.cobertura.instrument.InstrumentMain.instrument(InstrumentMain.java:82) [cobertura-2.1.1.jar:2.1.1]
	at net.sourceforge.cobertura.instrument.InstrumentMain.main(InstrumentMain.java:99) [cobertura-2.1.1.jar:2.1.1]
2018-03-19 18:40:34,157 [main] WARN  n.s.c.i.CoberturaInstrumenter - Unable to instrument file /home/ruppel/Projects/ruppel/spring-jpa-jersey/target/generated-classes/cobertura/br/com/cinq/spring/data/sample/application/DefaultView.class
java.lang.RuntimeException: null
	at org.objectweb.asm.MethodVisitor.visitParameter(Unknown Source) ~[asm-5.0.1.jar:5.0.1]
	at org.objectweb.asm.ClassReader.b(Unknown Source) ~[asm-5.0.1.jar:5.0.1]
	at org.objectweb.asm.ClassReader.accept(Unknown Source) ~[asm-5.0.1.jar:5.0.1]
	at org.objectweb.asm.ClassReader.accept(Unknown Source) ~[asm-5.0.1.jar:5.0.1]
	at net.sourceforge.cobertura.instrument.CoberturaInstrumenter.instrumentClass(CoberturaInstrumenter.java:161) [cobertura-2.1.1.jar:2.1.1]
	at net.sourceforge.cobertura.instrument.CoberturaInstrumenter.instrumentClass(CoberturaInstrumenter.java:129) [cobertura-2.1.1.jar:2.1.1]
	at net.sourceforge.cobertura.instrument.CoberturaInstrumenter.addInstrumentationToSingleClass(CoberturaInstrumenter.java:243) [cobertura-2.1.1.jar:2.1.1]
	at net.sourceforge.cobertura.instrument.CodeInstrumentationTask.addInstrumentationToSingleClass(CodeInstrumentationTask.java:299) [cobertura-2.1.1.jar:2.1.1]
	at net.sourceforge.cobertura.instrument.CodeInstrumentationTask.addInstrumentation(CodeInstrumentationTask.java:308) [cobertura-2.1.1.jar:2.1.1]
	at net.sourceforge.cobertura.instrument.CodeInstrumentationTask.instrument(CodeInstrumentationTask.java:90) [cobertura-2.1.1.jar:2.1.1]
	at net.sourceforge.cobertura.dsl.Cobertura.instrumentCode(Cobertura.java:74) [cobertura-2.1.1.jar:2.1.1]
	at net.sourceforge.cobertura.instrument.InstrumentMain.instrument(InstrumentMain.java:82) [cobertura-2.1.1.jar:2.1.1]
	at net.sourceforge.cobertura.instrument.InstrumentMain.main(InstrumentMain.java:99) [cobertura-2.1.1.jar:2.1.1]
2018-03-19 18:40:34,158 [main] WARN  n.s.c.i.CoberturaInstrumenter - Unable to instrument file /home/ruppel/Projects/ruppel/spring-jpa-jersey/target/generated-classes/cobertura/br/com/cinq/spring/data/sample/entity/Country.class
java.lang.RuntimeException: null
	at org.objectweb.asm.MethodVisitor.visitParameter(Unknown Source) ~[asm-5.0.1.jar:5.0.1]
	at org.objectweb.asm.ClassReader.b(Unknown Source) ~[asm-5.0.1.jar:5.0.1]
	at org.objectweb.asm.ClassReader.accept(Unknown Source) ~[asm-5.0.1.jar:5.0.1]
	at org.objectweb.asm.ClassReader.accept(Unknown Source) ~[asm-5.0.1.jar:5.0.1]
	at net.sourceforge.cobertura.instrument.CoberturaInstrumenter.instrumentClass(CoberturaInstrumenter.java:161) [cobertura-2.1.1.jar:2.1.1]
	at net.sourceforge.cobertura.instrument.CoberturaInstrumenter.instrumentClass(CoberturaInstrumenter.java:129) [cobertura-2.1.1.jar:2.1.1]
	at net.sourceforge.cobertura.instrument.CoberturaInstrumenter.addInstrumentationToSingleClass(CoberturaInstrumenter.java:243) [cobertura-2.1.1.jar:2.1.1]
	at net.sourceforge.cobertura.instrument.CodeInstrumentationTask.addInstrumentationToSingleClass(CodeInstrumentationTask.java:299) [cobertura-2.1.1.jar:2.1.1]
	at net.sourceforge.cobertura.instrument.CodeInstrumentationTask.addInstrumentation(CodeInstrumentationTask.java:308) [cobertura-2.1.1.jar:2.1.1]
	at net.sourceforge.cobertura.instrument.CodeInstrumentationTask.instrument(CodeInstrumentationTask.java:90) [cobertura-2.1.1.jar:2.1.1]
	at net.sourceforge.cobertura.dsl.Cobertura.instrumentCode(Cobertura.java:74) [cobertura-2.1.1.jar:2.1.1]
	at net.sourceforge.cobertura.instrument.InstrumentMain.instrument(InstrumentMain.java:82) [cobertura-2.1.1.jar:2.1.1]
	at net.sourceforge.cobertura.instrument.InstrumentMain.main(InstrumentMain.java:99) [cobertura-2.1.1.jar:2.1.1]
2018-03-19 18:50:28,545 [main] WARN  n.s.c.i.CoberturaInstrumenter - Unable to instrument file /home/ruppel/Projects/ruppel/spring-jpa-jersey/target/generated-classes/cobertura/br/com/cinq/spring/data/sample/repository/CountryRepository.class
java.lang.RuntimeException: null
	at org.objectweb.asm.MethodVisitor.visitParameter(Unknown Source) ~[asm-5.0.1.jar:5.0.1]
	at org.objectweb.asm.ClassReader.b(Unknown Source) ~[asm-5.0.1.jar:5.0.1]
	at org.objectweb.asm.ClassReader.accept(Unknown Source) ~[asm-5.0.1.jar:5.0.1]
	at org.objectweb.asm.ClassReader.accept(Unknown Source) ~[asm-5.0.1.jar:5.0.1]
	at net.sourceforge.cobertura.instrument.CoberturaInstrumenter.instrumentClass(CoberturaInstrumenter.java:161) [cobertura-2.1.1.jar:2.1.1]
	at net.sourceforge.cobertura.instrument.CoberturaInstrumenter.instrumentClass(CoberturaInstrumenter.java:129) [cobertura-2.1.1.jar:2.1.1]
	at net.sourceforge.cobertura.instrument.CoberturaInstrumenter.addInstrumentationToSingleClass(CoberturaInstrumenter.java:243) [cobertura-2.1.1.jar:2.1.1]
	at net.sourceforge.cobertura.instrument.CodeInstrumentationTask.addInstrumentationToSingleClass(CodeInstrumentationTask.java:299) [cobertura-2.1.1.jar:2.1.1]
	at net.sourceforge.cobertura.instrument.CodeInstrumentationTask.addInstrumentation(CodeInstrumentationTask.java:308) [cobertura-2.1.1.jar:2.1.1]
	at net.sourceforge.cobertura.instrument.CodeInstrumentationTask.instrument(CodeInstrumentationTask.java:90) [cobertura-2.1.1.jar:2.1.1]
	at net.sourceforge.cobertura.dsl.Cobertura.instrumentCode(Cobertura.java:74) [cobertura-2.1.1.jar:2.1.1]
	at net.sourceforge.cobertura.instrument.InstrumentMain.instrument(InstrumentMain.java:82) [cobertura-2.1.1.jar:2.1.1]
	at net.sourceforge.cobertura.instrument.InstrumentMain.main(InstrumentMain.java:99) [cobertura-2.1.1.jar:2.1.1]
2018-03-19 18:50:28,548 [main] WARN  n.s.c.i.CoberturaInstrumenter - Unable to instrument file /home/ruppel/Projects/ruppel/spring-jpa-jersey/target/generated-classes/cobertura/br/com/cinq/spring/data/sample/repository/CityRepository.class
java.lang.RuntimeException: null
	at org.objectweb.asm.MethodVisitor.visitParameter(Unknown Source) ~[asm-5.0.1.jar:5.0.1]
	at org.objectweb.asm.ClassReader.b(Unknown Source) ~[asm-5.0.1.jar:5.0.1]
	at org.objectweb.asm.ClassReader.accept(Unknown Source) ~[asm-5.0.1.jar:5.0.1]
	at org.objectweb.asm.ClassReader.accept(Unknown Source) ~[asm-5.0.1.jar:5.0.1]
	at net.sourceforge.cobertura.instrument.CoberturaInstrumenter.instrumentClass(CoberturaInstrumenter.java:161) [cobertura-2.1.1.jar:2.1.1]
	at net.sourceforge.cobertura.instrument.CoberturaInstrumenter.instrumentClass(CoberturaInstrumenter.java:129) [cobertura-2.1.1.jar:2.1.1]
	at net.sourceforge.cobertura.instrument.CoberturaInstrumenter.addInstrumentationToSingleClass(CoberturaInstrumenter.java:243) [cobertura-2.1.1.jar:2.1.1]
	at net.sourceforge.cobertura.instrument.CodeInstrumentationTask.addInstrumentationToSingleClass(CodeInstrumentationTask.java:299) [cobertura-2.1.1.jar:2.1.1]
	at net.sourceforge.cobertura.instrument.CodeInstrumentationTask.addInstrumentation(CodeInstrumentationTask.java:308) [cobertura-2.1.1.jar:2.1.1]
	at net.sourceforge.cobertura.instrument.CodeInstrumentationTask.instrument(CodeInstrumentationTask.java:90) [cobertura-2.1.1.jar:2.1.1]
	at net.sourceforge.cobertura.dsl.Cobertura.instrumentCode(Cobertura.java:74) [cobertura-2.1.1.jar:2.1.1]
	at net.sourceforge.cobertura.instrument.InstrumentMain.instrument(InstrumentMain.java:82) [cobertura-2.1.1.jar:2.1.1]
	at net.sourceforge.cobertura.instrument.InstrumentMain.main(InstrumentMain.java:99) [cobertura-2.1.1.jar:2.1.1]
2018-03-19 18:50:28,550 [main] WARN  n.s.c.i.CoberturaInstrumenter - Unable to instrument file /home/ruppel/Projects/ruppel/spring-jpa-jersey/target/generated-classes/cobertura/br/com/cinq/spring/data/resource/CityResource.class
java.lang.RuntimeException: null
	at org.objectweb.asm.MethodVisitor.visitParameter(Unknown Source) ~[asm-5.0.1.jar:5.0.1]
	at org.objectweb.asm.ClassReader.b(Unknown Source) ~[asm-5.0.1.jar:5.0.1]
	at org.objectweb.asm.ClassReader.accept(Unknown Source) ~[asm-5.0.1.jar:5.0.1]
	at org.objectweb.asm.ClassReader.accept(Unknown Source) ~[asm-5.0.1.jar:5.0.1]
	at net.sourceforge.cobertura.instrument.CoberturaInstrumenter.instrumentClass(CoberturaInstrumenter.java:161) [cobertura-2.1.1.jar:2.1.1]
	at net.sourceforge.cobertura.instrument.CoberturaInstrumenter.instrumentClass(CoberturaInstrumenter.java:129) [cobertura-2.1.1.jar:2.1.1]
	at net.sourceforge.cobertura.instrument.CoberturaInstrumenter.addInstrumentationToSingleClass(CoberturaInstrumenter.java:243) [cobertura-2.1.1.jar:2.1.1]
	at net.sourceforge.cobertura.instrument.CodeInstrumentationTask.addInstrumentationToSingleClass(CodeInstrumentationTask.java:299) [cobertura-2.1.1.jar:2.1.1]
	at net.sourceforge.cobertura.instrument.CodeInstrumentationTask.addInstrumentation(CodeInstrumentationTask.java:308) [cobertura-2.1.1.jar:2.1.1]
	at net.sourceforge.cobertura.instrument.CodeInstrumentationTask.instrument(CodeInstrumentationTask.java:90) [cobertura-2.1.1.jar:2.1.1]
	at net.sourceforge.cobertura.dsl.Cobertura.instrumentCode(Cobertura.java:74) [cobertura-2.1.1.jar:2.1.1]
	at net.sourceforge.cobertura.instrument.InstrumentMain.instrument(InstrumentMain.java:82) [cobertura-2.1.1.jar:2.1.1]
	at net.sourceforge.cobertura.instrument.InstrumentMain.main(InstrumentMain.java:99) [cobertura-2.1.1.jar:2.1.1]
2018-03-19 18:50:28,551 [main] WARN  n.s.c.i.CoberturaInstrumenter - Unable to instrument file /home/ruppel/Projects/ruppel/spring-jpa-jersey/target/generated-classes/cobertura/br/com/cinq/spring/data/sample/entity/City.class
java.lang.RuntimeException: null
	at org.objectweb.asm.MethodVisitor.visitParameter(Unknown Source) ~[asm-5.0.1.jar:5.0.1]
	at org.objectweb.asm.ClassReader.b(Unknown Source) ~[asm-5.0.1.jar:5.0.1]
	at org.objectweb.asm.ClassReader.accept(Unknown Source) ~[asm-5.0.1.jar:5.0.1]
	at org.objectweb.asm.ClassReader.accept(Unknown Source) ~[asm-5.0.1.jar:5.0.1]
	at net.sourceforge.cobertura.instrument.CoberturaInstrumenter.instrumentClass(CoberturaInstrumenter.java:161) [cobertura-2.1.1.jar:2.1.1]
	at net.sourceforge.cobertura.instrument.CoberturaInstrumenter.instrumentClass(CoberturaInstrumenter.java:129) [cobertura-2.1.1.jar:2.1.1]
	at net.sourceforge.cobertura.instrument.CoberturaInstrumenter.addInstrumentationToSingleClass(CoberturaInstrumenter.java:243) [cobertura-2.1.1.jar:2.1.1]
	at net.sourceforge.cobertura.instrument.CodeInstrumentationTask.addInstrumentationToSingleClass(CodeInstrumentationTask.java:299) [cobertura-2.1.1.jar:2.1.1]
	at net.sourceforge.cobertura.instrument.CodeInstrumentationTask.addInstrumentation(CodeInstrumentationTask.java:308) [cobertura-2.1.1.jar:2.1.1]
	at net.sourceforge.cobertura.instrument.CodeInstrumentationTask.instrument(CodeInstrumentationTask.java:90) [cobertura-2.1.1.jar:2.1.1]
	at net.sourceforge.cobertura.dsl.Cobertura.instrumentCode(Cobertura.java:74) [cobertura-2.1.1.jar:2.1.1]
	at net.sourceforge.cobertura.instrument.InstrumentMain.instrument(InstrumentMain.java:82) [cobertura-2.1.1.jar:2.1.1]
	at net.sourceforge.cobertura.instrument.InstrumentMain.main(InstrumentMain.java:99) [cobertura-2.1.1.jar:2.1.1]
2018-03-19 18:50:28,552 [main] WARN  n.s.c.i.CoberturaInstrumenter - Unable to instrument file /home/ruppel/Projects/ruppel/spring-jpa-jersey/target/generated-classes/cobertura/br/com/cinq/spring/data/resource/CountryResource.class
java.lang.RuntimeException: null
	at org.objectweb.asm.MethodVisitor.visitParameter(Unknown Source) ~[asm-5.0.1.jar:5.0.1]
	at org.objectweb.asm.ClassReader.b(Unknown Source) ~[asm-5.0.1.jar:5.0.1]
	at org.objectweb.asm.ClassReader.accept(Unknown Source) ~[asm-5.0.1.jar:5.0.1]
	at org.objectweb.asm.ClassReader.accept(Unknown Source) ~[asm-5.0.1.jar:5.0.1]
	at net.sourceforge.cobertura.instrument.CoberturaInstrumenter.instrumentClass(CoberturaInstrumenter.java:161) [cobertura-2.1.1.jar:2.1.1]
	at net.sourceforge.cobertura.instrument.CoberturaInstrumenter.instrumentClass(CoberturaInstrumenter.java:129) [cobertura-2.1.1.jar:2.1.1]
	at net.sourceforge.cobertura.instrument.CoberturaInstrumenter.addInstrumentationToSingleClass(CoberturaInstrumenter.java:243) [cobertura-2.1.1.jar:2.1.1]
	at net.sourceforge.cobertura.instrument.CodeInstrumentationTask.addInstrumentationToSingleClass(CodeInstrumentationTask.java:299) [cobertura-2.1.1.jar:2.1.1]
	at net.sourceforge.cobertura.instrument.CodeInstrumentationTask.addInstrumentation(CodeInstrumentationTask.java:308) [cobertura-2.1.1.jar:2.1.1]
	at net.sourceforge.cobertura.instrument.CodeInstrumentationTask.instrument(CodeInstrumentationTask.java:90) [cobertura-2.1.1.jar:2.1.1]
	at net.sourceforge.cobertura.dsl.Cobertura.instrumentCode(Cobertura.java:74) [cobertura-2.1.1.jar:2.1.1]
	at net.sourceforge.cobertura.instrument.InstrumentMain.instrument(InstrumentMain.java:82) [cobertura-2.1.1.jar:2.1.1]
	at net.sourceforge.cobertura.instrument.InstrumentMain.main(InstrumentMain.java:99) [cobertura-2.1.1.jar:2.1.1]
2018-03-19 18:50:28,574 [main] WARN  n.s.c.i.CoberturaInstrumenter - Unable to instrument file /home/ruppel/Projects/ruppel/spring-jpa-jersey/target/generated-classes/cobertura/br/com/cinq/spring/data/sample/application/Application.class
java.lang.RuntimeException: null
	at org.objectweb.asm.MethodVisitor.visitParameter(Unknown Source) ~[asm-5.0.1.jar:5.0.1]
	at org.objectweb.asm.ClassReader.b(Unknown Source) ~[asm-5.0.1.jar:5.0.1]
	at org.objectweb.asm.ClassReader.accept(Unknown Source) ~[asm-5.0.1.jar:5.0.1]
	at org.objectweb.asm.ClassReader.accept(Unknown Source) ~[asm-5.0.1.jar:5.0.1]
	at net.sourceforge.cobertura.instrument.CoberturaInstrumenter.instrumentClass(CoberturaInstrumenter.java:161) [cobertura-2.1.1.jar:2.1.1]
	at net.sourceforge.cobertura.instrument.CoberturaInstrumenter.instrumentClass(CoberturaInstrumenter.java:129) [cobertura-2.1.1.jar:2.1.1]
	at net.sourceforge.cobertura.instrument.CoberturaInstrumenter.addInstrumentationToSingleClass(CoberturaInstrumenter.java:243) [cobertura-2.1.1.jar:2.1.1]
	at net.sourceforge.cobertura.instrument.CodeInstrumentationTask.addInstrumentationToSingleClass(CodeInstrumentationTask.java:299) [cobertura-2.1.1.jar:2.1.1]
	at net.sourceforge.cobertura.instrument.CodeInstrumentationTask.addInstrumentation(CodeInstrumentationTask.java:308) [cobertura-2.1.1.jar:2.1.1]
	at net.sourceforge.cobertura.instrument.CodeInstrumentationTask.instrument(CodeInstrumentationTask.java:90) [cobertura-2.1.1.jar:2.1.1]
	at net.sourceforge.cobertura.dsl.Cobertura.instrumentCode(Cobertura.java:74) [cobertura-2.1.1.jar:2.1.1]
	at net.sourceforge.cobertura.instrument.InstrumentMain.instrument(InstrumentMain.java:82) [cobertura-2.1.1.jar:2.1.1]
	at net.sourceforge.cobertura.instrument.InstrumentMain.main(InstrumentMain.java:99) [cobertura-2.1.1.jar:2.1.1]
2018-03-19 18:50:28,575 [main] WARN  n.s.c.i.CoberturaInstrumenter - Unable to instrument file /home/ruppel/Projects/ruppel/spring-jpa-jersey/target/generated-classes/cobertura/br/com/cinq/spring/data/sample/application/DefaultView.class
java.lang.RuntimeException: null
	at org.objectweb.asm.MethodVisitor.visitParameter(Unknown Source) ~[asm-5.0.1.jar:5.0.1]
	at org.objectweb.asm.ClassReader.b(Unknown Source) ~[asm-5.0.1.jar:5.0.1]
	at org.objectweb.asm.ClassReader.accept(Unknown Source) ~[asm-5.0.1.jar:5.0.1]
	at org.objectweb.asm.ClassReader.accept(Unknown Source) ~[asm-5.0.1.jar:5.0.1]
	at net.sourceforge.cobertura.instrument.CoberturaInstrumenter.instrumentClass(CoberturaInstrumenter.java:161) [cobertura-2.1.1.jar:2.1.1]
	at net.sourceforge.cobertura.instrument.CoberturaInstrumenter.instrumentClass(CoberturaInstrumenter.java:129) [cobertura-2.1.1.jar:2.1.1]
	at net.sourceforge.cobertura.instrument.CoberturaInstrumenter.addInstrumentationToSingleClass(CoberturaInstrumenter.java:243) [cobertura-2.1.1.jar:2.1.1]
	at net.sourceforge.cobertura.instrument.CodeInstrumentationTask.addInstrumentationToSingleClass(CodeInstrumentationTask.java:299) [cobertura-2.1.1.jar:2.1.1]
	at net.sourceforge.cobertura.instrument.CodeInstrumentationTask.addInstrumentation(CodeInstrumentationTask.java:308) [cobertura-2.1.1.jar:2.1.1]
	at net.sourceforge.cobertura.instrument.CodeInstrumentationTask.instrument(CodeInstrumentationTask.java:90) [cobertura-2.1.1.jar:2.1.1]
	at net.sourceforge.cobertura.dsl.Cobertura.instrumentCode(Cobertura.java:74) [cobertura-2.1.1.jar:2.1.1]
	at net.sourceforge.cobertura.instrument.InstrumentMain.instrument(InstrumentMain.java:82) [cobertura-2.1.1.jar:2.1.1]
	at net.sourceforge.cobertura.instrument.InstrumentMain.main(InstrumentMain.java:99) [cobertura-2.1.1.jar:2.1.1]
2018-03-19 18:50:28,576 [main] WARN  n.s.c.i.CoberturaInstrumenter - Unable to instrument file /home/ruppel/Projects/ruppel/spring-jpa-jersey/target/generated-classes/cobertura/br/com/cinq/spring/data/sample/entity/Country.class
java.lang.RuntimeException: null
	at org.objectweb.asm.MethodVisitor.visitParameter(Unknown Source) ~[asm-5.0.1.jar:5.0.1]
	at org.objectweb.asm.ClassReader.b(Unknown Source) ~[asm-5.0.1.jar:5.0.1]
	at org.objectweb.asm.ClassReader.accept(Unknown Source) ~[asm-5.0.1.jar:5.0.1]
	at org.objectweb.asm.ClassReader.accept(Unknown Source) ~[asm-5.0.1.jar:5.0.1]
	at net.sourceforge.cobertura.instrument.CoberturaInstrumenter.instrumentClass(CoberturaInstrumenter.java:161) [cobertura-2.1.1.jar:2.1.1]
	at net.sourceforge.cobertura.instrument.CoberturaInstrumenter.instrumentClass(CoberturaInstrumenter.java:129) [cobertura-2.1.1.jar:2.1.1]
	at net.sourceforge.cobertura.instrument.CoberturaInstrumenter.addInstrumentationToSingleClass(CoberturaInstrumenter.java:243) [cobertura-2.1.1.jar:2.1.1]
	at net.sourceforge.cobertura.instrument.CodeInstrumentationTask.addInstrumentationToSingleClass(CodeInstrumentationTask.java:299) [cobertura-2.1.1.jar:2.1.1]
	at net.sourceforge.cobertura.instrument.CodeInstrumentationTask.addInstrumentation(CodeInstrumentationTask.java:308) [cobertura-2.1.1.jar:2.1.1]
	at net.sourceforge.cobertura.instrument.CodeInstrumentationTask.instrument(CodeInstrumentationTask.java:90) [cobertura-2.1.1.jar:2.1.1]
	at net.sourceforge.cobertura.dsl.Cobertura.instrumentCode(Cobertura.java:74) [cobertura-2.1.1.jar:2.1.1]
	at net.sourceforge.cobertura.instrument.InstrumentMain.instrument(InstrumentMain.java:82) [cobertura-2.1.1.jar:2.1.1]
	at net.sourceforge.cobertura.instrument.InstrumentMain.main(InstrumentMain.java:99) [cobertura-2.1.1.jar:2.1.1]
2018-03-19 18:50:37,906 [main] WARN  n.s.c.i.CoberturaInstrumenter - Unable to instrument file /home/ruppel/Projects/ruppel/spring-jpa-jersey/target/generated-classes/cobertura/br/com/cinq/spring/data/sample/repository/CountryRepository.class
java.lang.RuntimeException: null
	at org.objectweb.asm.MethodVisitor.visitParameter(Unknown Source) ~[asm-5.0.1.jar:5.0.1]
	at org.objectweb.asm.ClassReader.b(Unknown Source) ~[asm-5.0.1.jar:5.0.1]
	at org.objectweb.asm.ClassReader.accept(Unknown Source) ~[asm-5.0.1.jar:5.0.1]
	at org.objectweb.asm.ClassReader.accept(Unknown Source) ~[asm-5.0.1.jar:5.0.1]
	at net.sourceforge.cobertura.instrument.CoberturaInstrumenter.instrumentClass(CoberturaInstrumenter.java:161) [cobertura-2.1.1.jar:2.1.1]
	at net.sourceforge.cobertura.instrument.CoberturaInstrumenter.instrumentClass(CoberturaInstrumenter.java:129) [cobertura-2.1.1.jar:2.1.1]
	at net.sourceforge.cobertura.instrument.CoberturaInstrumenter.addInstrumentationToSingleClass(CoberturaInstrumenter.java:243) [cobertura-2.1.1.jar:2.1.1]
	at net.sourceforge.cobertura.instrument.CodeInstrumentationTask.addInstrumentationToSingleClass(CodeInstrumentationTask.java:299) [cobertura-2.1.1.jar:2.1.1]
	at net.sourceforge.cobertura.instrument.CodeInstrumentationTask.addInstrumentation(CodeInstrumentationTask.java:308) [cobertura-2.1.1.jar:2.1.1]
	at net.sourceforge.cobertura.instrument.CodeInstrumentationTask.instrument(CodeInstrumentationTask.java:90) [cobertura-2.1.1.jar:2.1.1]
	at net.sourceforge.cobertura.dsl.Cobertura.instrumentCode(Cobertura.java:74) [cobertura-2.1.1.jar:2.1.1]
	at net.sourceforge.cobertura.instrument.InstrumentMain.instrument(InstrumentMain.java:82) [cobertura-2.1.1.jar:2.1.1]
	at net.sourceforge.cobertura.instrument.InstrumentMain.main(InstrumentMain.java:99) [cobertura-2.1.1.jar:2.1.1]
2018-03-19 18:50:37,909 [main] WARN  n.s.c.i.CoberturaInstrumenter - Unable to instrument file /home/ruppel/Projects/ruppel/spring-jpa-jersey/target/generated-classes/cobertura/br/com/cinq/spring/data/sample/repository/CityRepository.class
java.lang.RuntimeException: null
	at org.objectweb.asm.MethodVisitor.visitParameter(Unknown Source) ~[asm-5.0.1.jar:5.0.1]
	at org.objectweb.asm.ClassReader.b(Unknown Source) ~[asm-5.0.1.jar:5.0.1]
	at org.objectweb.asm.ClassReader.accept(Unknown Source) ~[asm-5.0.1.jar:5.0.1]
	at org.objectweb.asm.ClassReader.accept(Unknown Source) ~[asm-5.0.1.jar:5.0.1]
	at net.sourceforge.cobertura.instrument.CoberturaInstrumenter.instrumentClass(CoberturaInstrumenter.java:161) [cobertura-2.1.1.jar:2.1.1]
	at net.sourceforge.cobertura.instrument.CoberturaInstrumenter.instrumentClass(CoberturaInstrumenter.java:129) [cobertura-2.1.1.jar:2.1.1]
	at net.sourceforge.cobertura.instrument.CoberturaInstrumenter.addInstrumentationToSingleClass(CoberturaInstrumenter.java:243) [cobertura-2.1.1.jar:2.1.1]
	at net.sourceforge.cobertura.instrument.CodeInstrumentationTask.addInstrumentationToSingleClass(CodeInstrumentationTask.java:299) [cobertura-2.1.1.jar:2.1.1]
	at net.sourceforge.cobertura.instrument.CodeInstrumentationTask.addInstrumentation(CodeInstrumentationTask.java:308) [cobertura-2.1.1.jar:2.1.1]
	at net.sourceforge.cobertura.instrument.CodeInstrumentationTask.instrument(CodeInstrumentationTask.java:90) [cobertura-2.1.1.jar:2.1.1]
	at net.sourceforge.cobertura.dsl.Cobertura.instrumentCode(Cobertura.java:74) [cobertura-2.1.1.jar:2.1.1]
	at net.sourceforge.cobertura.instrument.InstrumentMain.instrument(InstrumentMain.java:82) [cobertura-2.1.1.jar:2.1.1]
	at net.sourceforge.cobertura.instrument.InstrumentMain.main(InstrumentMain.java:99) [cobertura-2.1.1.jar:2.1.1]
2018-03-19 18:50:37,911 [main] WARN  n.s.c.i.CoberturaInstrumenter - Unable to instrument file /home/ruppel/Projects/ruppel/spring-jpa-jersey/target/generated-classes/cobertura/br/com/cinq/spring/data/resource/CityResource.class
java.lang.RuntimeException: null
	at org.objectweb.asm.MethodVisitor.visitParameter(Unknown Source) ~[asm-5.0.1.jar:5.0.1]
	at org.objectweb.asm.ClassReader.b(Unknown Source) ~[asm-5.0.1.jar:5.0.1]
	at org.objectweb.asm.ClassReader.accept(Unknown Source) ~[asm-5.0.1.jar:5.0.1]
	at org.objectweb.asm.ClassReader.accept(Unknown Source) ~[asm-5.0.1.jar:5.0.1]
	at net.sourceforge.cobertura.instrument.CoberturaInstrumenter.instrumentClass(CoberturaInstrumenter.java:161) [cobertura-2.1.1.jar:2.1.1]
	at net.sourceforge.cobertura.instrument.CoberturaInstrumenter.instrumentClass(CoberturaInstrumenter.java:129) [cobertura-2.1.1.jar:2.1.1]
	at net.sourceforge.cobertura.instrument.CoberturaInstrumenter.addInstrumentationToSingleClass(CoberturaInstrumenter.java:243) [cobertura-2.1.1.jar:2.1.1]
	at net.sourceforge.cobertura.instrument.CodeInstrumentationTask.addInstrumentationToSingleClass(CodeInstrumentationTask.java:299) [cobertura-2.1.1.jar:2.1.1]
	at net.sourceforge.cobertura.instrument.CodeInstrumentationTask.addInstrumentation(CodeInstrumentationTask.java:308) [cobertura-2.1.1.jar:2.1.1]
	at net.sourceforge.cobertura.instrument.CodeInstrumentationTask.instrument(CodeInstrumentationTask.java:90) [cobertura-2.1.1.jar:2.1.1]
	at net.sourceforge.cobertura.dsl.Cobertura.instrumentCode(Cobertura.java:74) [cobertura-2.1.1.jar:2.1.1]
	at net.sourceforge.cobertura.instrument.InstrumentMain.instrument(InstrumentMain.java:82) [cobertura-2.1.1.jar:2.1.1]
	at net.sourceforge.cobertura.instrument.InstrumentMain.main(InstrumentMain.java:99) [cobertura-2.1.1.jar:2.1.1]
2018-03-19 18:50:37,912 [main] WARN  n.s.c.i.CoberturaInstrumenter - Unable to instrument file /home/ruppel/Projects/ruppel/spring-jpa-jersey/target/generated-classes/cobertura/br/com/cinq/spring/data/sample/entity/City.class
java.lang.RuntimeException: null
	at org.objectweb.asm.MethodVisitor.visitParameter(Unknown Source) ~[asm-5.0.1.jar:5.0.1]
	at org.objectweb.asm.ClassReader.b(Unknown Source) ~[asm-5.0.1.jar:5.0.1]
	at org.objectweb.asm.ClassReader.accept(Unknown Source) ~[asm-5.0.1.jar:5.0.1]
	at org.objectweb.asm.ClassReader.accept(Unknown Source) ~[asm-5.0.1.jar:5.0.1]
	at net.sourceforge.cobertura.instrument.CoberturaInstrumenter.instrumentClass(CoberturaInstrumenter.java:161) [cobertura-2.1.1.jar:2.1.1]
	at net.sourceforge.cobertura.instrument.CoberturaInstrumenter.instrumentClass(CoberturaInstrumenter.java:129) [cobertura-2.1.1.jar:2.1.1]
	at net.sourceforge.cobertura.instrument.CoberturaInstrumenter.addInstrumentationToSingleClass(CoberturaInstrumenter.java:243) [cobertura-2.1.1.jar:2.1.1]
	at net.sourceforge.cobertura.instrument.CodeInstrumentationTask.addInstrumentationToSingleClass(CodeInstrumentationTask.java:299) [cobertura-2.1.1.jar:2.1.1]
	at net.sourceforge.cobertura.instrument.CodeInstrumentationTask.addInstrumentation(CodeInstrumentationTask.java:308) [cobertura-2.1.1.jar:2.1.1]
	at net.sourceforge.cobertura.instrument.CodeInstrumentationTask.instrument(CodeInstrumentationTask.java:90) [cobertura-2.1.1.jar:2.1.1]
	at net.sourceforge.cobertura.dsl.Cobertura.instrumentCode(Cobertura.java:74) [cobertura-2.1.1.jar:2.1.1]
	at net.sourceforge.cobertura.instrument.InstrumentMain.instrument(InstrumentMain.java:82) [cobertura-2.1.1.jar:2.1.1]
	at net.sourceforge.cobertura.instrument.InstrumentMain.main(InstrumentMain.java:99) [cobertura-2.1.1.jar:2.1.1]
2018-03-19 18:50:37,913 [main] WARN  n.s.c.i.CoberturaInstrumenter - Unable to instrument file /home/ruppel/Projects/ruppel/spring-jpa-jersey/target/generated-classes/cobertura/br/com/cinq/spring/data/resource/CountryResource.class
java.lang.RuntimeException: null
	at org.objectweb.asm.MethodVisitor.visitParameter(Unknown Source) ~[asm-5.0.1.jar:5.0.1]
	at org.objectweb.asm.ClassReader.b(Unknown Source) ~[asm-5.0.1.jar:5.0.1]
	at org.objectweb.asm.ClassReader.accept(Unknown Source) ~[asm-5.0.1.jar:5.0.1]
	at org.objectweb.asm.ClassReader.accept(Unknown Source) ~[asm-5.0.1.jar:5.0.1]
	at net.sourceforge.cobertura.instrument.CoberturaInstrumenter.instrumentClass(CoberturaInstrumenter.java:161) [cobertura-2.1.1.jar:2.1.1]
	at net.sourceforge.cobertura.instrument.CoberturaInstrumenter.instrumentClass(CoberturaInstrumenter.java:129) [cobertura-2.1.1.jar:2.1.1]
	at net.sourceforge.cobertura.instrument.CoberturaInstrumenter.addInstrumentationToSingleClass(CoberturaInstrumenter.java:243) [cobertura-2.1.1.jar:2.1.1]
	at net.sourceforge.cobertura.instrument.CodeInstrumentationTask.addInstrumentationToSingleClass(CodeInstrumentationTask.java:299) [cobertura-2.1.1.jar:2.1.1]
	at net.sourceforge.cobertura.instrument.CodeInstrumentationTask.addInstrumentation(CodeInstrumentationTask.java:308) [cobertura-2.1.1.jar:2.1.1]
	at net.sourceforge.cobertura.instrument.CodeInstrumentationTask.instrument(CodeInstrumentationTask.java:90) [cobertura-2.1.1.jar:2.1.1]
	at net.sourceforge.cobertura.dsl.Cobertura.instrumentCode(Cobertura.java:74) [cobertura-2.1.1.jar:2.1.1]
	at net.sourceforge.cobertura.instrument.InstrumentMain.instrument(InstrumentMain.java:82) [cobertura-2.1.1.jar:2.1.1]
	at net.sourceforge.cobertura.instrument.InstrumentMain.main(InstrumentMain.java:99) [cobertura-2.1.1.jar:2.1.1]
2018-03-19 18:50:37,941 [main] WARN  n.s.c.i.CoberturaInstrumenter - Unable to instrument file /home/ruppel/Projects/ruppel/spring-jpa-jersey/target/generated-classes/cobertura/br/com/cinq/spring/data/sample/application/Application.class
java.lang.RuntimeException: null
	at org.objectweb.asm.MethodVisitor.visitParameter(Unknown Source) ~[asm-5.0.1.jar:5.0.1]
	at org.objectweb.asm.ClassReader.b(Unknown Source) ~[asm-5.0.1.jar:5.0.1]
	at org.objectweb.asm.ClassReader.accept(Unknown Source) ~[asm-5.0.1.jar:5.0.1]
	at org.objectweb.asm.ClassReader.accept(Unknown Source) ~[asm-5.0.1.jar:5.0.1]
	at net.sourceforge.cobertura.instrument.CoberturaInstrumenter.instrumentClass(CoberturaInstrumenter.java:161) [cobertura-2.1.1.jar:2.1.1]
	at net.sourceforge.cobertura.instrument.CoberturaInstrumenter.instrumentClass(CoberturaInstrumenter.java:129) [cobertura-2.1.1.jar:2.1.1]
	at net.sourceforge.cobertura.instrument.CoberturaInstrumenter.addInstrumentationToSingleClass(CoberturaInstrumenter.java:243) [cobertura-2.1.1.jar:2.1.1]
	at net.sourceforge.cobertura.instrument.CodeInstrumentationTask.addInstrumentationToSingleClass(CodeInstrumentationTask.java:299) [cobertura-2.1.1.jar:2.1.1]
	at net.sourceforge.cobertura.instrument.CodeInstrumentationTask.addInstrumentation(CodeInstrumentationTask.java:308) [cobertura-2.1.1.jar:2.1.1]
	at net.sourceforge.cobertura.instrument.CodeInstrumentationTask.instrument(CodeInstrumentationTask.java:90) [cobertura-2.1.1.jar:2.1.1]
	at net.sourceforge.cobertura.dsl.Cobertura.instrumentCode(Cobertura.java:74) [cobertura-2.1.1.jar:2.1.1]
	at net.sourceforge.cobertura.instrument.InstrumentMain.instrument(InstrumentMain.java:82) [cobertura-2.1.1.jar:2.1.1]
	at net.sourceforge.cobertura.instrument.InstrumentMain.main(InstrumentMain.java:99) [cobertura-2.1.1.jar:2.1.1]
2018-03-19 18:50:37,942 [main] WARN  n.s.c.i.CoberturaInstrumenter - Unable to instrument file /home/ruppel/Projects/ruppel/spring-jpa-jersey/target/generated-classes/cobertura/br/com/cinq/spring/data/sample/application/DefaultView.class
java.lang.RuntimeException: null
	at org.objectweb.asm.MethodVisitor.visitParameter(Unknown Source) ~[asm-5.0.1.jar:5.0.1]
	at org.objectweb.asm.ClassReader.b(Unknown Source) ~[asm-5.0.1.jar:5.0.1]
	at org.objectweb.asm.ClassReader.accept(Unknown Source) ~[asm-5.0.1.jar:5.0.1]
	at org.objectweb.asm.ClassReader.accept(Unknown Source) ~[asm-5.0.1.jar:5.0.1]
	at net.sourceforge.cobertura.instrument.CoberturaInstrumenter.instrumentClass(CoberturaInstrumenter.java:161) [cobertura-2.1.1.jar:2.1.1]
	at net.sourceforge.cobertura.instrument.CoberturaInstrumenter.instrumentClass(CoberturaInstrumenter.java:129) [cobertura-2.1.1.jar:2.1.1]
	at net.sourceforge.cobertura.instrument.CoberturaInstrumenter.addInstrumentationToSingleClass(CoberturaInstrumenter.java:243) [cobertura-2.1.1.jar:2.1.1]
	at net.sourceforge.cobertura.instrument.CodeInstrumentationTask.addInstrumentationToSingleClass(CodeInstrumentationTask.java:299) [cobertura-2.1.1.jar:2.1.1]
	at net.sourceforge.cobertura.instrument.CodeInstrumentationTask.addInstrumentation(CodeInstrumentationTask.java:308) [cobertura-2.1.1.jar:2.1.1]
	at net.sourceforge.cobertura.instrument.CodeInstrumentationTask.instrument(CodeInstrumentationTask.java:90) [cobertura-2.1.1.jar:2.1.1]
	at net.sourceforge.cobertura.dsl.Cobertura.instrumentCode(Cobertura.java:74) [cobertura-2.1.1.jar:2.1.1]
	at net.sourceforge.cobertura.instrument.InstrumentMain.instrument(InstrumentMain.java:82) [cobertura-2.1.1.jar:2.1.1]
	at net.sourceforge.cobertura.instrument.InstrumentMain.main(InstrumentMain.java:99) [cobertura-2.1.1.jar:2.1.1]
2018-03-19 18:50:37,942 [main] WARN  n.s.c.i.CoberturaInstrumenter - Unable to instrument file /home/ruppel/Projects/ruppel/spring-jpa-jersey/target/generated-classes/cobertura/br/com/cinq/spring/data/sample/entity/Country.class
java.lang.RuntimeException: null
	at org.objectweb.asm.MethodVisitor.visitParameter(Unknown Source) ~[asm-5.0.1.jar:5.0.1]
	at org.objectweb.asm.ClassReader.b(Unknown Source) ~[asm-5.0.1.jar:5.0.1]
	at org.objectweb.asm.ClassReader.accept(Unknown Source) ~[asm-5.0.1.jar:5.0.1]
	at org.objectweb.asm.ClassReader.accept(Unknown Source) ~[asm-5.0.1.jar:5.0.1]
	at net.sourceforge.cobertura.instrument.CoberturaInstrumenter.instrumentClass(CoberturaInstrumenter.java:161) [cobertura-2.1.1.jar:2.1.1]
	at net.sourceforge.cobertura.instrument.CoberturaInstrumenter.instrumentClass(CoberturaInstrumenter.java:129) [cobertura-2.1.1.jar:2.1.1]
	at net.sourceforge.cobertura.instrument.CoberturaInstrumenter.addInstrumentationToSingleClass(CoberturaInstrumenter.java:243) [cobertura-2.1.1.jar:2.1.1]
	at net.sourceforge.cobertura.instrument.CodeInstrumentationTask.addInstrumentationToSingleClass(CodeInstrumentationTask.java:299) [cobertura-2.1.1.jar:2.1.1]
	at net.sourceforge.cobertura.instrument.CodeInstrumentationTask.addInstrumentation(CodeInstrumentationTask.java:308) [cobertura-2.1.1.jar:2.1.1]
	at net.sourceforge.cobertura.instrument.CodeInstrumentationTask.instrument(CodeInstrumentationTask.java:90) [cobertura-2.1.1.jar:2.1.1]
	at net.sourceforge.cobertura.dsl.Cobertura.instrumentCode(Cobertura.java:74) [cobertura-2.1.1.jar:2.1.1]
	at net.sourceforge.cobertura.instrument.InstrumentMain.instrument(InstrumentMain.java:82) [cobertura-2.1.1.jar:2.1.1]
	at net.sourceforge.cobertura.instrument.InstrumentMain.main(InstrumentMain.java:99) [cobertura-2.1.1.jar:2.1.1]
2018-03-19 21:34:51,205 [main] INFO  b.c.c.s.d.s.application.Application - Starting Application on Desk with PID 20608 (/home/ruppel/Projects/ruppel/spring-jpa-jersey/target/classes started by ruppel in /home/ruppel/Projects/ruppel/spring-jpa-jersey)
2018-03-19 21:34:51,208 [main] INFO  b.c.c.s.d.s.application.Application - No active profile set, falling back to default profiles: default
2018-03-19 21:34:53,151 [localhost-startStop-1] ERROR o.g.j.s.s.SpringComponentProvider - None or multiple beans found in Spring context for type class br.com.cinq.spring.data.resource.CountryResource, skipping the type.
2018-03-19 21:34:53,152 [localhost-startStop-1] ERROR o.g.j.s.s.SpringComponentProvider - None or multiple beans found in Spring context for type class br.com.cinq.spring.data.resource.CityResource, skipping the type.
2018-03-19 21:34:55,437 [main] INFO  b.c.c.s.d.s.application.Application - Started Application in 4.716 seconds (JVM running for 7.809)
2018-03-19 23:11:19,266 [main] INFO  b.c.c.s.d.s.application.Application - Starting Application on Desk with PID 5750 (/home/ruppel/Projects/ruppel/spring-jpa-jersey/target/classes started by ruppel in /home/ruppel/Projects/ruppel/spring-jpa-jersey)
2018-03-19 23:11:19,269 [main] INFO  b.c.c.s.d.s.application.Application - No active profile set, falling back to default profiles: default
2018-03-19 23:11:21,112 [localhost-startStop-1] ERROR o.g.j.s.s.SpringComponentProvider - None or multiple beans found in Spring context for type class br.com.cinq.spring.data.resource.CityResource, skipping the type.
2018-03-19 23:11:21,114 [localhost-startStop-1] ERROR o.g.j.s.s.SpringComponentProvider - None or multiple beans found in Spring context for type class br.com.cinq.spring.data.resource.CountryResource, skipping the type.
2018-03-19 23:11:23,157 [main] INFO  b.c.c.s.d.s.application.Application - Started Application in 4.348 seconds (JVM running for 7.34)
